<?xml version="1.0" encoding="UTF-8"?>
<testng-results skipped="1" failed="0" total="1" passed="0">
  <reporter-output>
  </reporter-output>
  <suite name="Default suite" duration-ms="113" started-at="2019-09-03T07:18:53Z" finished-at="2019-09-03T07:18:53Z">
    <groups>
    </groups>
    <test name="Default test" duration-ms="113" started-at="2019-09-03T07:18:53Z" finished-at="2019-09-03T07:18:53Z">
      <class name="vindhya_cucumber.vindhya_class">
        <test-method status="FAIL" signature="ConfigureBrowser()[pri:0, instance:vindhya_cucumber.vindhya_class@2c8d66b2]" name="ConfigureBrowser" is-config="true" duration-ms="0" started-at="2019-09-03T12:48:53Z" finished-at="2019-09-03T12:48:53Z">
          <exception class="java.lang.NoClassDefFoundError">
            <message>
              <![CDATA[com/google/common/collect/ImmutableMap]]>
            </message>
            <full-stacktrace>
              <![CDATA[java.lang.NoClassDefFoundError: com/google/common/collect/ImmutableMap
	at org.openqa.selenium.remote.service.DriverService$Builder.<init>(DriverService.java:250)
	at org.openqa.selenium.chrome.ChromeDriverService$Builder.<init>(ChromeDriverService.java:98)
	at org.openqa.selenium.chrome.ChromeDriverService.createDefaultService(ChromeDriverService.java:91)
	at org.openqa.selenium.chrome.ChromeDriver.<init>(ChromeDriver.java:123)
	at vindhya_cucumber.Drivers.configureDriver(Drivers.java:20)
	at vindhya_cucumber.vindhya_class.ConfigureBrowser(vindhya_class.java:22)
	at sun.reflect.NativeMethodAccessorImpl.invoke0(Native Method)
	at sun.reflect.NativeMethodAccessorImpl.invoke(Unknown Source)
	at sun.reflect.DelegatingMethodAccessorImpl.invoke(Unknown Source)
	at java.lang.reflect.Method.invoke(Unknown Source)
	at org.testng.internal.MethodInvocationHelper.invokeMethod(MethodInvocationHelper.java:86)
	at org.testng.internal.Invoker.invokeConfigurationMethod(Invoker.java:514)
	at org.testng.internal.Invoker.invokeConfigurations(Invoker.java:215)
	at org.testng.internal.Invoker.invokeConfigurations(Invoker.java:142)
	at org.testng.TestRunner.beforeRun(TestRunner.java:656)
	at org.testng.TestRunner.run(TestRunner.java:624)
	at org.testng.SuiteRunner.runTest(SuiteRunner.java:366)
	at org.testng.SuiteRunner.runSequentially(SuiteRunner.java:361)
	at org.testng.SuiteRunner.privateRun(SuiteRunner.java:319)
	at org.testng.SuiteRunner.run(SuiteRunner.java:268)
	at org.testng.SuiteRunnerWorker.runSuite(SuiteRunnerWorker.java:52)
	at org.testng.SuiteRunnerWorker.run(SuiteRunnerWorker.java:86)
	at org.testng.TestNG.runSuitesSequentially(TestNG.java:1244)
	at org.testng.TestNG.runSuitesLocally(TestNG.java:1169)
	at org.testng.TestNG.run(TestNG.java:1064)
	at org.testng.remote.RemoteTestNG.run(RemoteTestNG.java:113)
	at org.testng.remote.RemoteTestNG.initAndRun(RemoteTestNG.java:206)
	at org.testng.remote.RemoteTestNG.main(RemoteTestNG.java:177)
Caused by: java.lang.ClassNotFoundException: com.google.common.collect.ImmutableMap
	at java.net.URLClassLoader.findClass(Unknown Source)
	at java.lang.ClassLoader.loadClass(Unknown Source)
	at sun.misc.Launcher$AppClassLoader.loadClass(Unknown Source)
	at java.lang.ClassLoader.loadClass(Unknown Source)
	... 28 more
]]>
            </full-stacktrace>
          </exception> <!-- java.lang.NoClassDefFoundError -->
          <reporter-output>
          </reporter-output>
        </test-method> <!-- ConfigureBrowser -->
        <test-method status="SKIP" signature="applocation_is_launched_by_the_guest_user()[pri:0, instance:vindhya_cucumber.vindhya_class@2c8d66b2]" name="applocation_is_launched_by_the_guest_user" duration-ms="3" started-at="2019-09-03T12:48:53Z" finished-at="2019-09-03T12:48:53Z">
          <reporter-output>
          </reporter-output>
        </test-method> <!-- applocation_is_launched_by_the_guest_user -->
        <test-method status="SKIP" signature="verifies_for_the_account_creation()[pri:0, instance:vindhya_cucumber.vindhya_class@2c8d66b2]" name="verifies_for_the_account_creation" is-config="true" duration-ms="0" started-at="2019-09-03T12:48:53Z" finished-at="2019-09-03T12:48:53Z">
          <reporter-output>
          </reporter-output>
        </test-method> <!-- verifies_for_the_account_creation -->
      </class> <!-- vindhya_cucumber.vindhya_class -->
    </test> <!-- Default test -->
  </suite> <!-- Default suite -->
</testng-results>
